#
# There is insufficient memory for the Java Runtime Environment to continue.
# Native memory allocation (malloc) failed to allocate 32744 bytes. Error detail: ChunkPool::allocate
# Possible reasons:
#   The system is out of physical RAM or swap space
#   This process is running with CompressedOops enabled, and the Java Heap may be blocking the growth of the native heap
# Possible solutions:
#   Reduce memory load on the system
#   Increase physical memory or swap space
#   Check if swap backing store is full
#   Decrease Java heap size (-Xmx/-Xms)
#   Decrease number of Java threads
#   Decrease Java thread stack sizes (-Xss)
#   Set larger code cache with -XX:ReservedCodeCacheSize=
#   JVM is running with Unscaled Compressed Oops mode in which the Java heap is
#     placed in the first 4GB address space. The Java Heap base address is the
#     maximum limit for the native heap growth. Please use -XX:HeapBaseMinAddress
#     to set the Java Heap base and to place the Java Heap above 4GB virtual address.
# This output file may be truncated or incomplete.
#
#  Out of Memory Error (arena.cpp:79), pid=43824, tid=53172
#
# JRE version: OpenJDK Runtime Environment Corretto-17.0.13.11.1 (17.0.13+11) (build 17.0.13+11-LTS)
# Java VM: OpenJDK 64-Bit Server VM Corretto-17.0.13.11.1 (17.0.13+11-LTS, mixed mode, sharing, tiered, compressed oops, compressed class ptrs, g1 gc, windows-amd64)
# No core dump will be written. Minidumps are not enabled by default on client versions of Windows
#

---------------  S U M M A R Y ------------

Command Line: -javaagent:C:\Program Files\JetBrains\IntelliJ IDEA Community Edition 2024.3.1\lib\idea_rt.jar=52770:C:\Program Files\JetBrains\IntelliJ IDEA Community Edition 2024.3.1\bin -Dfile.encoding=UTF-8 org.example.Main

Host: Intel(R) Celeron(R) N4020 CPU @ 1.10GHz, 2 cores, 3G,  Windows 11 , 64 bit Build 22621 (10.0.22621.4391)
Time: Tue Jan  7 17:15:00 2025 Hora Padrão da Bahia elapsed time: 115.233348 seconds (0d 0h 1m 55s)

---------------  T H R E A D  ---------------

Current thread (0x000001e7656a1490):  JavaThread "C2 CompilerThread0" daemon [_thread_in_vm, id=53172, stack(0x0000001da7600000,0x0000001da7700000)]


Current CompileTask:
C2: 115235 1906       4       java.lang.invoke.VarHandleGuards::guard_LI_J (78 bytes)

Stack: [0x0000001da7600000,0x0000001da7700000]
Native frames: (J=compiled Java code, j=interpreted, Vv=VM code, C=native code)
V  [jvm.dll+0x680c19]
V  [jvm.dll+0x83888a]
V  [jvm.dll+0x83a34e]
V  [jvm.dll+0x83a9b3]
V  [jvm.dll+0x2481af]
V  [jvm.dll+0xacbf1]
V  [jvm.dll+0xad03c]
V  [jvm.dll+0x1d8baa]
V  [jvm.dll+0x1ccf9b]
V  [jvm.dll+0x1d6732]
V  [jvm.dll+0x1d6ef3]
V  [jvm.dll+0x1c589f]
V  [jvm.dll+0x1c54b0]
V  [jvm.dll+0x1da2d1]
V  [jvm.dll+0x1dec07]
V  [jvm.dll+0x1dccaf]
V  [jvm.dll+0x1df02a]
V  [jvm.dll+0x1de857]
V  [jvm.dll+0x1df7e1]
V  [jvm.dll+0x1deade]
V  [jvm.dll+0x1ce710]
V  [jvm.dll+0x127ffe]
V  [jvm.dll+0x2acc30]
V  [jvm.dll+0x2ae97a]
V  [jvm.dll+0x699135]
V  [jvm.dll+0x6910eb]
V  [jvm.dll+0x690727]
V  [jvm.dll+0x68e612]
V  [jvm.dll+0x1a87fc]
V  [jvm.dll+0x1a9396]
V  [jvm.dll+0x2ae9f4]
V  [jvm.dll+0x699135]
V  [jvm.dll+0x6910eb]
V  [jvm.dll+0x690727]
V  [jvm.dll+0x68e612]
V  [jvm.dll+0x1a87fc]
V  [jvm.dll+0x2196f8]
V  [jvm.dll+0x1a58ed]
V  [jvm.dll+0x22988d]
V  [jvm.dll+0x227a1c]
V  [jvm.dll+0x7ed737]
V  [jvm.dll+0x7e7b2c]
V  [jvm.dll+0x67fae7]
C  [ucrtbase.dll+0x29333]
C  [KERNEL32.DLL+0x1259d]
C  [ntdll.dll+0x5af38]


---------------  P R O C E S S  ---------------

Threads class SMR info:
_java_thread_list=0x000001e76a3c0570, length=15, elements={
0x000001e74a8b6900, 0x000001e74a958fe0, 0x000001e74a959e60, 0x000001e74a96d800,
0x000001e74a96e2c0, 0x000001e76569ffc0, 0x000001e7656a0890, 0x000001e7656a1490,
0x000001e765708860, 0x000001e76570b530, 0x000001e76577e7b0, 0x000001e7659dfb30,
0x000001e7659e0010, 0x000001e765a16e10, 0x000001e76a38a5e0
}

Java Threads: ( => current thread )
  0x000001e74a8b6900 JavaThread "main" [_thread_in_Java, id=45188, stack(0x0000001da6900000,0x0000001da6a00000)]
  0x000001e74a958fe0 JavaThread "Reference Handler" daemon [_thread_blocked, id=51596, stack(0x0000001da7000000,0x0000001da7100000)]
  0x000001e74a959e60 JavaThread "Finalizer" daemon [_thread_blocked, id=52212, stack(0x0000001da7100000,0x0000001da7200000)]
  0x000001e74a96d800 JavaThread "Signal Dispatcher" daemon [_thread_blocked, id=29052, stack(0x0000001da7200000,0x0000001da7300000)]
  0x000001e74a96e2c0 JavaThread "Attach Listener" daemon [_thread_blocked, id=48680, stack(0x0000001da7300000,0x0000001da7400000)]
  0x000001e76569ffc0 JavaThread "Service Thread" daemon [_thread_blocked, id=51432, stack(0x0000001da7400000,0x0000001da7500000)]
  0x000001e7656a0890 JavaThread "Monitor Deflation Thread" daemon [_thread_blocked, id=45540, stack(0x0000001da7500000,0x0000001da7600000)]
=>0x000001e7656a1490 JavaThread "C2 CompilerThread0" daemon [_thread_in_vm, id=53172, stack(0x0000001da7600000,0x0000001da7700000)]
  0x000001e765708860 JavaThread "C1 CompilerThread0" daemon [_thread_blocked, id=52788, stack(0x0000001da7700000,0x0000001da7800000)]
  0x000001e76570b530 JavaThread "Sweeper thread" daemon [_thread_blocked, id=48516, stack(0x0000001da7800000,0x0000001da7900000)]
  0x000001e76577e7b0 JavaThread "Common-Cleaner" daemon [_thread_blocked, id=51748, stack(0x0000001da7900000,0x0000001da7a00000)]
  0x000001e7659dfb30 JavaThread "Monitor Ctrl-Break" daemon [_thread_in_native, id=1248, stack(0x0000001da7a00000,0x0000001da7b00000)]
  0x000001e7659e0010 JavaThread "Notification Thread" daemon [_thread_blocked, id=24724, stack(0x0000001da7b00000,0x0000001da7c00000)]
  0x000001e765a16e10 JavaThread "mysql-cj-abandoned-connection-cleanup" daemon [_thread_blocked, id=50288, stack(0x0000001da7d00000,0x0000001da7e00000)]
  0x000001e76a38a5e0 JavaThread "HikariPool-1:housekeeper" daemon [_thread_in_vm, id=51304, stack(0x0000001da8100000,0x0000001da8200000)]

Other Threads:
  0x000001e74a953c20 VMThread "VM Thread" [stack: 0x0000001da6f00000,0x0000001da7000000] [id=54844]
  0x000001e7659a9880 WatcherThread [stack: 0x0000001da7c00000,0x0000001da7d00000] [id=54244]
  0x000001e74a8f19f0 GCTaskThread "GC Thread#0" [stack: 0x0000001da6a00000,0x0000001da6b00000] [id=48616]
  0x000001e765c7d9c0 GCTaskThread "GC Thread#1" [stack: 0x0000001da7e00000,0x0000001da7f00000] [id=52660]
  0x000001e74a8f9e40 ConcurrentGCThread "G1 Main Marker" [stack: 0x0000001da6b00000,0x0000001da6c00000] [id=33416]
  0x000001e74a8fa860 ConcurrentGCThread "G1 Conc#0" [stack: 0x0000001da6c00000,0x0000001da6d00000] [id=41112]
  0x000001e74a92d330 ConcurrentGCThread "G1 Refine#0" [stack: 0x0000001da6d00000,0x0000001da6e00000] [id=50628]
  0x000001e76a0350d0 ConcurrentGCThread "G1 Refine#1" [stack: 0x0000001da7f00000,0x0000001da8000000] [id=23588]
  0x000001e74a92dd60 ConcurrentGCThread "G1 Service" [stack: 0x0000001da6e00000,0x0000001da6f00000] [id=48644]

Threads with active compile tasks:
C2 CompilerThread0   115358 1906       4       java.lang.invoke.VarHandleGuards::guard_LI_J (78 bytes)

VM state: not at safepoint (normal execution)

VM Mutex/Monitor currently owned by a thread: None

Heap address: 0x00000000c5800000, size: 936 MB, Compressed Oops mode: 32-bit

CDS archive(s) mapped at: [0x000001e700000000-0x000001e700bb0000-0x000001e700bb0000), size 12255232, SharedBaseAddress: 0x000001e700000000, ArchiveRelocationMode: 1.
Compressed class space mapped at: 0x000001e701000000-0x000001e741000000, reserved size: 1073741824
Narrow klass base: 0x000001e700000000, Narrow klass shift: 0, Narrow klass range: 0x100000000

GC Precious Log:
 CPUs: 2 total, 2 available
 Memory: 3737M
 Large Page Support: Disabled
 NUMA Support: Disabled
 Compressed Oops: Enabled (32-bit)
 Heap Region Size: 1M
 Heap Min Capacity: 8M
 Heap Initial Capacity: 60M
 Heap Max Capacity: 936M
 Pre-touch: Disabled
 Parallel Workers: 2
 Concurrent Workers: 1
 Concurrent Refinement Workers: 2
 Periodic GC: Disabled

Heap:
 garbage-first heap   total 177152K, used 107652K [0x00000000c5800000, 0x0000000100000000)
  region size 1024K, 102 young (104448K), 1 survivors (1024K)
 Metaspace       used 11543K, committed 11712K, reserved 1114112K
  class space    used 1226K, committed 1280K, reserved 1048576K

Heap Regions: E=young(eden), S=young(survivor), O=old, HS=humongous(starts), HC=humongous(continues), CS=collection set, F=free, OA=open archive, CA=closed archive, TAMS=top-at-mark-start (previous, next)
|   0|0x00000000c5800000, 0x00000000c5900000, 0x00000000c5900000|100%| O|  |TAMS 0x00000000c5800000, 0x00000000c5800000| Untracked 
|   1|0x00000000c5900000, 0x00000000c5a00000, 0x00000000c5a00000|100%| O|  |TAMS 0x00000000c5900000, 0x00000000c5900000| Untracked 
|   2|0x00000000c5a00000, 0x00000000c5b00000, 0x00000000c5b00000|100%| O|  |TAMS 0x00000000c5a00000, 0x00000000c5a00000| Untracked 
|   3|0x00000000c5b00000, 0x00000000c5c00000, 0x00000000c5c00000|100%| O|  |TAMS 0x00000000c5b00000, 0x00000000c5b00000| Untracked 
|   4|0x00000000c5c00000, 0x00000000c5d00000, 0x00000000c5d00000|100%| O|  |TAMS 0x00000000c5c00000, 0x00000000c5c00000| Untracked 
|   5|0x00000000c5d00000, 0x00000000c5d20000, 0x00000000c5e00000| 12%| O|  |TAMS 0x00000000c5d00000, 0x00000000c5d00000| Untracked 
|   6|0x00000000c5e00000, 0x00000000c5e00000, 0x00000000c5f00000|  0%| F|  |TAMS 0x00000000c5e00000, 0x00000000c5e00000| Untracked 
|   7|0x00000000c5f00000, 0x00000000c5f00000, 0x00000000c6000000|  0%| F|  |TAMS 0x00000000c5f00000, 0x00000000c5f00000| Untracked 
|   8|0x00000000c6000000, 0x00000000c6000000, 0x00000000c6100000|  0%| F|  |TAMS 0x00000000c6000000, 0x00000000c6000000| Untracked 
|   9|0x00000000c6100000, 0x00000000c6100000, 0x00000000c6200000|  0%| F|  |TAMS 0x00000000c6100000, 0x00000000c6100000| Untracked 
|  10|0x00000000c6200000, 0x00000000c6200000, 0x00000000c6300000|  0%| F|  |TAMS 0x00000000c6200000, 0x00000000c6200000| Untracked 
|  11|0x00000000c6300000, 0x00000000c6300000, 0x00000000c6400000|  0%| F|  |TAMS 0x00000000c6300000, 0x00000000c6300000| Untracked 
|  12|0x00000000c6400000, 0x00000000c6400000, 0x00000000c6500000|  0%| F|  |TAMS 0x00000000c6400000, 0x00000000c6400000| Untracked 
|  13|0x00000000c6500000, 0x00000000c6500000, 0x00000000c6600000|  0%| F|  |TAMS 0x00000000c6500000, 0x00000000c6500000| Untracked 
|  14|0x00000000c6600000, 0x00000000c6600000, 0x00000000c6700000|  0%| F|  |TAMS 0x00000000c6600000, 0x00000000c6600000| Untracked 
|  15|0x00000000c6700000, 0x00000000c6700000, 0x00000000c6800000|  0%| F|  |TAMS 0x00000000c6700000, 0x00000000c6700000| Untracked 
|  16|0x00000000c6800000, 0x00000000c6800000, 0x00000000c6900000|  0%| F|  |TAMS 0x00000000c6800000, 0x00000000c6800000| Untracked 
|  17|0x00000000c6900000, 0x00000000c6900000, 0x00000000c6a00000|  0%| F|  |TAMS 0x00000000c6900000, 0x00000000c6900000| Untracked 
|  18|0x00000000c6a00000, 0x00000000c6a00000, 0x00000000c6b00000|  0%| F|  |TAMS 0x00000000c6a00000, 0x00000000c6a00000| Untracked 
|  19|0x00000000c6b00000, 0x00000000c6b00000, 0x00000000c6c00000|  0%| F|  |TAMS 0x00000000c6b00000, 0x00000000c6b00000| Untracked 
|  20|0x00000000c6c00000, 0x00000000c6c00000, 0x00000000c6d00000|  0%| F|  |TAMS 0x00000000c6c00000, 0x00000000c6c00000| Untracked 
|  21|0x00000000c6d00000, 0x00000000c6d00000, 0x00000000c6e00000|  0%| F|  |TAMS 0x00000000c6d00000, 0x00000000c6d00000| Untracked 
|  22|0x00000000c6e00000, 0x00000000c6e00000, 0x00000000c6f00000|  0%| F|  |TAMS 0x00000000c6e00000, 0x00000000c6e00000| Untracked 
|  23|0x00000000c6f00000, 0x00000000c6f00000, 0x00000000c7000000|  0%| F|  |TAMS 0x00000000c6f00000, 0x00000000c6f00000| Untracked 
|  24|0x00000000c7000000, 0x00000000c7000000, 0x00000000c7100000|  0%| F|  |TAMS 0x00000000c7000000, 0x00000000c7000000| Untracked 
|  25|0x00000000c7100000, 0x00000000c7100000, 0x00000000c7200000|  0%| F|  |TAMS 0x00000000c7100000, 0x00000000c7100000| Untracked 
|  26|0x00000000c7200000, 0x00000000c7200000, 0x00000000c7300000|  0%| F|  |TAMS 0x00000000c7200000, 0x00000000c7200000| Untracked 
|  27|0x00000000c7300000, 0x00000000c7300000, 0x00000000c7400000|  0%| F|  |TAMS 0x00000000c7300000, 0x00000000c7300000| Untracked 
|  28|0x00000000c7400000, 0x00000000c7400000, 0x00000000c7500000|  0%| F|  |TAMS 0x00000000c7400000, 0x00000000c7400000| Untracked 
|  29|0x00000000c7500000, 0x00000000c7500000, 0x00000000c7600000|  0%| F|  |TAMS 0x00000000c7500000, 0x00000000c7500000| Untracked 
|  30|0x00000000c7600000, 0x00000000c7600000, 0x00000000c7700000|  0%| F|  |TAMS 0x00000000c7600000, 0x00000000c7600000| Untracked 
|  31|0x00000000c7700000, 0x00000000c7700000, 0x00000000c7800000|  0%| F|  |TAMS 0x00000000c7700000, 0x00000000c7700000| Untracked 
|  32|0x00000000c7800000, 0x00000000c7800000, 0x00000000c7900000|  0%| F|  |TAMS 0x00000000c7800000, 0x00000000c7800000| Untracked 
|  33|0x00000000c7900000, 0x00000000c7900000, 0x00000000c7a00000|  0%| F|  |TAMS 0x00000000c7900000, 0x00000000c7900000| Untracked 
|  34|0x00000000c7a00000, 0x00000000c7a00000, 0x00000000c7b00000|  0%| F|  |TAMS 0x00000000c7a00000, 0x00000000c7a00000| Untracked 
|  35|0x00000000c7b00000, 0x00000000c7b00000, 0x00000000c7c00000|  0%| F|  |TAMS 0x00000000c7b00000, 0x00000000c7b00000| Untracked 
|  36|0x00000000c7c00000, 0x00000000c7c00000, 0x00000000c7d00000|  0%| F|  |TAMS 0x00000000c7c00000, 0x00000000c7c00000| Untracked 
|  37|0x00000000c7d00000, 0x00000000c7d00000, 0x00000000c7e00000|  0%| F|  |TAMS 0x00000000c7d00000, 0x00000000c7d00000| Untracked 
|  38|0x00000000c7e00000, 0x00000000c7e00000, 0x00000000c7f00000|  0%| F|  |TAMS 0x00000000c7e00000, 0x00000000c7e00000| Untracked 
|  39|0x00000000c7f00000, 0x00000000c7f00000, 0x00000000c8000000|  0%| F|  |TAMS 0x00000000c7f00000, 0x00000000c7f00000| Untracked 
|  40|0x00000000c8000000, 0x00000000c8000000, 0x00000000c8100000|  0%| F|  |TAMS 0x00000000c8000000, 0x00000000c8000000| Untracked 
|  41|0x00000000c8100000, 0x00000000c8100000, 0x00000000c8200000|  0%| F|  |TAMS 0x00000000c8100000, 0x00000000c8100000| Untracked 
|  42|0x00000000c8200000, 0x00000000c8200000, 0x00000000c8300000|  0%| F|  |TAMS 0x00000000c8200000, 0x00000000c8200000| Untracked 
|  43|0x00000000c8300000, 0x00000000c8300000, 0x00000000c8400000|  0%| F|  |TAMS 0x00000000c8300000, 0x00000000c8300000| Untracked 
|  44|0x00000000c8400000, 0x00000000c8400000, 0x00000000c8500000|  0%| F|  |TAMS 0x00000000c8400000, 0x00000000c8400000| Untracked 
|  45|0x00000000c8500000, 0x00000000c8500000, 0x00000000c8600000|  0%| F|  |TAMS 0x00000000c8500000, 0x00000000c8500000| Untracked 
|  46|0x00000000c8600000, 0x00000000c8600000, 0x00000000c8700000|  0%| F|  |TAMS 0x00000000c8600000, 0x00000000c8600000| Untracked 
|  47|0x00000000c8700000, 0x00000000c8700000, 0x00000000c8800000|  0%| F|  |TAMS 0x00000000c8700000, 0x00000000c8700000| Untracked 
|  48|0x00000000c8800000, 0x00000000c8800000, 0x00000000c8900000|  0%| F|  |TAMS 0x00000000c8800000, 0x00000000c8800000| Untracked 
|  49|0x00000000c8900000, 0x00000000c8900000, 0x00000000c8a00000|  0%| F|  |TAMS 0x00000000c8900000, 0x00000000c8900000| Untracked 
|  50|0x00000000c8a00000, 0x00000000c8a00000, 0x00000000c8b00000|  0%| F|  |TAMS 0x00000000c8a00000, 0x00000000c8a00000| Untracked 
|  51|0x00000000c8b00000, 0x00000000c8b00000, 0x00000000c8c00000|  0%| F|  |TAMS 0x00000000c8b00000, 0x00000000c8b00000| Untracked 
|  52|0x00000000c8c00000, 0x00000000c8c00000, 0x00000000c8d00000|  0%| F|  |TAMS 0x00000000c8c00000, 0x00000000c8c00000| Untracked 
|  53|0x00000000c8d00000, 0x00000000c8d00000, 0x00000000c8e00000|  0%| F|  |TAMS 0x00000000c8d00000, 0x00000000c8d00000| Untracked 
|  54|0x00000000c8e00000, 0x00000000c8e00000, 0x00000000c8f00000|  0%| F|  |TAMS 0x00000000c8e00000, 0x00000000c8e00000| Untracked 
|  55|0x00000000c8f00000, 0x00000000c8f00000, 0x00000000c9000000|  0%| F|  |TAMS 0x00000000c8f00000, 0x00000000c8f00000| Untracked 
|  56|0x00000000c9000000, 0x00000000c9000000, 0x00000000c9100000|  0%| F|  |TAMS 0x00000000c9000000, 0x00000000c9000000| Untracked 
|  57|0x00000000c9100000, 0x00000000c9100000, 0x00000000c9200000|  0%| F|  |TAMS 0x00000000c9100000, 0x00000000c9100000| Untracked 
|  58|0x00000000c9200000, 0x00000000c9200000, 0x00000000c9300000|  0%| F|  |TAMS 0x00000000c9200000, 0x00000000c9200000| Untracked 
|  59|0x00000000c9300000, 0x00000000c9300000, 0x00000000c9400000|  0%| F|  |TAMS 0x00000000c9300000, 0x00000000c9300000| Untracked 
|  60|0x00000000c9400000, 0x00000000c9400000, 0x00000000c9500000|  0%| F|  |TAMS 0x00000000c9400000, 0x00000000c9400000| Untracked 
|  61|0x00000000c9500000, 0x00000000c9500000, 0x00000000c9600000|  0%| F|  |TAMS 0x00000000c9500000, 0x00000000c9500000| Untracked 
|  62|0x00000000c9600000, 0x00000000c9600000, 0x00000000c9700000|  0%| F|  |TAMS 0x00000000c9600000, 0x00000000c9600000| Untracked 
|  63|0x00000000c9700000, 0x00000000c9700000, 0x00000000c9800000|  0%| F|  |TAMS 0x00000000c9700000, 0x00000000c9700000| Untracked 
|  64|0x00000000c9800000, 0x00000000c9800000, 0x00000000c9900000|  0%| F|  |TAMS 0x00000000c9800000, 0x00000000c9800000| Untracked 
|  65|0x00000000c9900000, 0x00000000c9900000, 0x00000000c9a00000|  0%| F|  |TAMS 0x00000000c9900000, 0x00000000c9900000| Untracked 
|  66|0x00000000c9a00000, 0x00000000c9a00000, 0x00000000c9b00000|  0%| F|  |TAMS 0x00000000c9a00000, 0x00000000c9a00000| Untracked 
|  67|0x00000000c9b00000, 0x00000000c9b00000, 0x00000000c9c00000|  0%| F|  |TAMS 0x00000000c9b00000, 0x00000000c9b00000| Untracked 
|  68|0x00000000c9c00000, 0x00000000c9c00000, 0x00000000c9d00000|  0%| F|  |TAMS 0x00000000c9c00000, 0x00000000c9c00000| Untracked 
|  69|0x00000000c9d00000, 0x00000000c9d00000, 0x00000000c9e00000|  0%| F|  |TAMS 0x00000000c9d00000, 0x00000000c9d00000| Untracked 
|  70|0x00000000c9e00000, 0x00000000c9e01020, 0x00000000c9f00000|  0%| S|CS|TAMS 0x00000000c9e00000, 0x00000000c9e00000| Complete 
|  71|0x00000000c9f00000, 0x00000000c9f00000, 0x00000000ca000000|  0%| F|  |TAMS 0x00000000c9f00000, 0x00000000c9f00000| Untracked 
|  72|0x00000000ca000000, 0x00000000ca100000, 0x00000000ca100000|100%| E|  |TAMS 0x00000000ca000000, 0x00000000ca000000| Complete 
|  73|0x00000000ca100000, 0x00000000ca200000, 0x00000000ca200000|100%| E|CS|TAMS 0x00000000ca100000, 0x00000000ca100000| Complete 
|  74|0x00000000ca200000, 0x00000000ca300000, 0x00000000ca300000|100%| E|CS|TAMS 0x00000000ca200000, 0x00000000ca200000| Complete 
|  75|0x00000000ca300000, 0x00000000ca400000, 0x00000000ca400000|100%| E|CS|TAMS 0x00000000ca300000, 0x00000000ca300000| Complete 
|  76|0x00000000ca400000, 0x00000000ca500000, 0x00000000ca500000|100%| E|CS|TAMS 0x00000000ca400000, 0x00000000ca400000| Complete 
|  77|0x00000000ca500000, 0x00000000ca600000, 0x00000000ca600000|100%| E|CS|TAMS 0x00000000ca500000, 0x00000000ca500000| Complete 
|  78|0x00000000ca600000, 0x00000000ca700000, 0x00000000ca700000|100%| E|CS|TAMS 0x00000000ca600000, 0x00000000ca600000| Complete 
|  79|0x00000000ca700000, 0x00000000ca800000, 0x00000000ca800000|100%| E|CS|TAMS 0x00000000ca700000, 0x00000000ca700000| Complete 
|  80|0x00000000ca800000, 0x00000000ca900000, 0x00000000ca900000|100%| E|CS|TAMS 0x00000000ca800000, 0x00000000ca800000| Complete 
|  81|0x00000000ca900000, 0x00000000caa00000, 0x00000000caa00000|100%| E|CS|TAMS 0x00000000ca900000, 0x00000000ca900000| Complete 
|  82|0x00000000caa00000, 0x00000000cab00000, 0x00000000cab00000|100%| E|CS|TAMS 0x00000000caa00000, 0x00000000caa00000| Complete 
|  83|0x00000000cab00000, 0x00000000cac00000, 0x00000000cac00000|100%| E|CS|TAMS 0x00000000cab00000, 0x00000000cab00000| Complete 
|  84|0x00000000cac00000, 0x00000000cad00000, 0x00000000cad00000|100%| E|CS|TAMS 0x00000000cac00000, 0x00000000cac00000| Complete 
|  85|0x00000000cad00000, 0x00000000cae00000, 0x00000000cae00000|100%| E|CS|TAMS 0x00000000cad00000, 0x00000000cad00000| Complete 
|  86|0x00000000cae00000, 0x00000000caf00000, 0x00000000caf00000|100%| E|CS|TAMS 0x00000000cae00000, 0x00000000cae00000| Complete 
|  87|0x00000000caf00000, 0x00000000cb000000, 0x00000000cb000000|100%| E|CS|TAMS 0x00000000caf00000, 0x00000000caf00000| Complete 
|  88|0x00000000cb000000, 0x00000000cb100000, 0x00000000cb100000|100%| E|CS|TAMS 0x00000000cb000000, 0x00000000cb000000| Complete 
|  89|0x00000000cb100000, 0x00000000cb200000, 0x00000000cb200000|100%| E|CS|TAMS 0x00000000cb100000, 0x00000000cb100000| Complete 
|  90|0x00000000cb200000, 0x00000000cb300000, 0x00000000cb300000|100%| E|CS|TAMS 0x00000000cb200000, 0x00000000cb200000| Complete 
|  91|0x00000000cb300000, 0x00000000cb400000, 0x00000000cb400000|100%| E|CS|TAMS 0x00000000cb300000, 0x00000000cb300000| Complete 
|  92|0x00000000cb400000, 0x00000000cb500000, 0x00000000cb500000|100%| E|CS|TAMS 0x00000000cb400000, 0x00000000cb400000| Complete 
|  93|0x00000000cb500000, 0x00000000cb600000, 0x00000000cb600000|100%| E|CS|TAMS 0x00000000cb500000, 0x00000000cb500000| Complete 
|  94|0x00000000cb600000, 0x00000000cb700000, 0x00000000cb700000|100%| E|CS|TAMS 0x00000000cb600000, 0x00000000cb600000| Complete 
|  95|0x00000000cb700000, 0x00000000cb800000, 0x00000000cb800000|100%| E|CS|TAMS 0x00000000cb700000, 0x00000000cb700000| Complete 
|  96|0x00000000cb800000, 0x00000000cb900000, 0x00000000cb900000|100%| E|CS|TAMS 0x00000000cb800000, 0x00000000cb800000| Complete 
|  97|0x00000000cb900000, 0x00000000cba00000, 0x00000000cba00000|100%| E|CS|TAMS 0x00000000cb900000, 0x00000000cb900000| Complete 
|  98|0x00000000cba00000, 0x00000000cbb00000, 0x00000000cbb00000|100%| E|CS|TAMS 0x00000000cba00000, 0x00000000cba00000| Complete 
|  99|0x00000000cbb00000, 0x00000000cbc00000, 0x00000000cbc00000|100%| E|CS|TAMS 0x00000000cbb00000, 0x00000000cbb00000| Complete 
| 100|0x00000000cbc00000, 0x00000000cbd00000, 0x00000000cbd00000|100%| E|CS|TAMS 0x00000000cbc00000, 0x00000000cbc00000| Complete 
| 101|0x00000000cbd00000, 0x00000000cbe00000, 0x00000000cbe00000|100%| E|CS|TAMS 0x00000000cbd00000, 0x00000000cbd00000| Complete 
| 102|0x00000000cbe00000, 0x00000000cbf00000, 0x00000000cbf00000|100%| E|CS|TAMS 0x00000000cbe00000, 0x00000000cbe00000| Complete 
| 103|0x00000000cbf00000, 0x00000000cc000000, 0x00000000cc000000|100%| E|CS|TAMS 0x00000000cbf00000, 0x00000000cbf00000| Complete 
| 104|0x00000000cc000000, 0x00000000cc100000, 0x00000000cc100000|100%| E|CS|TAMS 0x00000000cc000000, 0x00000000cc000000| Complete 
| 105|0x00000000cc100000, 0x00000000cc200000, 0x00000000cc200000|100%| E|CS|TAMS 0x00000000cc100000, 0x00000000cc100000| Complete 
| 106|0x00000000cc200000, 0x00000000cc300000, 0x00000000cc300000|100%| E|CS|TAMS 0x00000000cc200000, 0x00000000cc200000| Complete 
| 107|0x00000000cc300000, 0x00000000cc400000, 0x00000000cc400000|100%| E|CS|TAMS 0x00000000cc300000, 0x00000000cc300000| Complete 
| 108|0x00000000cc400000, 0x00000000cc500000, 0x00000000cc500000|100%| E|CS|TAMS 0x00000000cc400000, 0x00000000cc400000| Complete 
| 109|0x00000000cc500000, 0x00000000cc600000, 0x00000000cc600000|100%| E|CS|TAMS 0x00000000cc500000, 0x00000000cc500000| Complete 
| 110|0x00000000cc600000, 0x00000000cc700000, 0x00000000cc700000|100%| E|CS|TAMS 0x00000000cc600000, 0x00000000cc600000| Complete 
| 111|0x00000000cc700000, 0x00000000cc800000, 0x00000000cc800000|100%| E|CS|TAMS 0x00000000cc700000, 0x00000000cc700000| Complete 
| 112|0x00000000cc800000, 0x00000000cc900000, 0x00000000cc900000|100%| E|CS|TAMS 0x00000000cc800000, 0x00000000cc800000| Complete 
| 113|0x00000000cc900000, 0x00000000cca00000, 0x00000000cca00000|100%| E|CS|TAMS 0x00000000cc900000, 0x00000000cc900000| Complete 
| 114|0x00000000cca00000, 0x00000000ccb00000, 0x00000000ccb00000|100%| E|CS|TAMS 0x00000000cca00000, 0x00000000cca00000| Complete 
| 115|0x00000000ccb00000, 0x00000000ccc00000, 0x00000000ccc00000|100%| E|CS|TAMS 0x00000000ccb00000, 0x00000000ccb00000| Complete 
| 116|0x00000000ccc00000, 0x00000000ccd00000, 0x00000000ccd00000|100%| E|CS|TAMS 0x00000000ccc00000, 0x00000000ccc00000| Complete 
| 117|0x00000000ccd00000, 0x00000000cce00000, 0x00000000cce00000|100%| E|CS|TAMS 0x00000000ccd00000, 0x00000000ccd00000| Complete 
| 118|0x00000000cce00000, 0x00000000ccf00000, 0x00000000ccf00000|100%| E|CS|TAMS 0x00000000cce00000, 0x00000000cce00000| Complete 
| 119|0x00000000ccf00000, 0x00000000cd000000, 0x00000000cd000000|100%| E|CS|TAMS 0x00000000ccf00000, 0x00000000ccf00000| Complete 
| 120|0x00000000cd000000, 0x00000000cd100000, 0x00000000cd100000|100%| E|CS|TAMS 0x00000000cd000000, 0x00000000cd000000| Complete 
| 121|0x00000000cd100000, 0x00000000cd200000, 0x00000000cd200000|100%| E|CS|TAMS 0x00000000cd100000, 0x00000000cd100000| Complete 
| 122|0x00000000cd200000, 0x00000000cd300000, 0x00000000cd300000|100%| E|CS|TAMS 0x00000000cd200000, 0x00000000cd200000| Complete 
| 123|0x00000000cd300000, 0x00000000cd400000, 0x00000000cd400000|100%| E|CS|TAMS 0x00000000cd300000, 0x00000000cd300000| Complete 
| 124|0x00000000cd400000, 0x00000000cd500000, 0x00000000cd500000|100%| E|CS|TAMS 0x00000000cd400000, 0x00000000cd400000| Complete 
| 125|0x00000000cd500000, 0x00000000cd600000, 0x00000000cd600000|100%| E|CS|TAMS 0x00000000cd500000, 0x00000000cd500000| Complete 
| 126|0x00000000cd600000, 0x00000000cd700000, 0x00000000cd700000|100%| E|CS|TAMS 0x00000000cd600000, 0x00000000cd600000| Complete 
| 127|0x00000000cd700000, 0x00000000cd800000, 0x00000000cd800000|100%| E|CS|TAMS 0x00000000cd700000, 0x00000000cd700000| Complete 
| 128|0x00000000cd800000, 0x00000000cd900000, 0x00000000cd900000|100%| E|CS|TAMS 0x00000000cd800000, 0x00000000cd800000| Complete 
| 129|0x00000000cd900000, 0x00000000cda00000, 0x00000000cda00000|100%| E|CS|TAMS 0x00000000cd900000, 0x00000000cd900000| Complete 
| 130|0x00000000cda00000, 0x00000000cdb00000, 0x00000000cdb00000|100%| E|CS|TAMS 0x00000000cda00000, 0x00000000cda00000| Complete 
| 131|0x00000000cdb00000, 0x00000000cdc00000, 0x00000000cdc00000|100%| E|CS|TAMS 0x00000000cdb00000, 0x00000000cdb00000| Complete 
| 132|0x00000000cdc00000, 0x00000000cdd00000, 0x00000000cdd00000|100%| E|CS|TAMS 0x00000000cdc00000, 0x00000000cdc00000| Complete 
| 133|0x00000000cdd00000, 0x00000000cde00000, 0x00000000cde00000|100%| E|CS|TAMS 0x00000000cdd00000, 0x00000000cdd00000| Complete 
| 134|0x00000000cde00000, 0x00000000cdf00000, 0x00000000cdf00000|100%| E|CS|TAMS 0x00000000cde00000, 0x00000000cde00000| Complete 
| 135|0x00000000cdf00000, 0x00000000ce000000, 0x00000000ce000000|100%| E|CS|TAMS 0x00000000cdf00000, 0x00000000cdf00000| Complete 
| 136|0x00000000ce000000, 0x00000000ce100000, 0x00000000ce100000|100%| E|CS|TAMS 0x00000000ce000000, 0x00000000ce000000| Complete 
| 137|0x00000000ce100000, 0x00000000ce200000, 0x00000000ce200000|100%| E|CS|TAMS 0x00000000ce100000, 0x00000000ce100000| Complete 
| 138|0x00000000ce200000, 0x00000000ce300000, 0x00000000ce300000|100%| E|CS|TAMS 0x00000000ce200000, 0x00000000ce200000| Complete 
| 139|0x00000000ce300000, 0x00000000ce400000, 0x00000000ce400000|100%| E|CS|TAMS 0x00000000ce300000, 0x00000000ce300000| Complete 
| 140|0x00000000ce400000, 0x00000000ce500000, 0x00000000ce500000|100%| E|CS|TAMS 0x00000000ce400000, 0x00000000ce400000| Complete 
| 141|0x00000000ce500000, 0x00000000ce600000, 0x00000000ce600000|100%| E|CS|TAMS 0x00000000ce500000, 0x00000000ce500000| Complete 
| 142|0x00000000ce600000, 0x00000000ce700000, 0x00000000ce700000|100%| E|CS|TAMS 0x00000000ce600000, 0x00000000ce600000| Complete 
| 143|0x00000000ce700000, 0x00000000ce800000, 0x00000000ce800000|100%| E|CS|TAMS 0x00000000ce700000, 0x00000000ce700000| Complete 
| 144|0x00000000ce800000, 0x00000000ce900000, 0x00000000ce900000|100%| E|CS|TAMS 0x00000000ce800000, 0x00000000ce800000| Complete 
| 145|0x00000000ce900000, 0x00000000cea00000, 0x00000000cea00000|100%| E|CS|TAMS 0x00000000ce900000, 0x00000000ce900000| Complete 
| 146|0x00000000cea00000, 0x00000000ceb00000, 0x00000000ceb00000|100%| E|CS|TAMS 0x00000000cea00000, 0x00000000cea00000| Complete 
| 147|0x00000000ceb00000, 0x00000000cec00000, 0x00000000cec00000|100%| E|CS|TAMS 0x00000000ceb00000, 0x00000000ceb00000| Complete 
| 148|0x00000000cec00000, 0x00000000ced00000, 0x00000000ced00000|100%| E|CS|TAMS 0x00000000cec00000, 0x00000000cec00000| Complete 
| 149|0x00000000ced00000, 0x00000000cee00000, 0x00000000cee00000|100%| E|CS|TAMS 0x00000000ced00000, 0x00000000ced00000| Complete 
| 150|0x00000000cee00000, 0x00000000cef00000, 0x00000000cef00000|100%| E|CS|TAMS 0x00000000cee00000, 0x00000000cee00000| Complete 
| 151|0x00000000cef00000, 0x00000000cf000000, 0x00000000cf000000|100%| E|CS|TAMS 0x00000000cef00000, 0x00000000cef00000| Complete 
| 152|0x00000000cf000000, 0x00000000cf100000, 0x00000000cf100000|100%| E|CS|TAMS 0x00000000cf000000, 0x00000000cf000000| Complete 
| 153|0x00000000cf100000, 0x00000000cf200000, 0x00000000cf200000|100%| E|CS|TAMS 0x00000000cf100000, 0x00000000cf100000| Complete 
| 154|0x00000000cf200000, 0x00000000cf300000, 0x00000000cf300000|100%| E|CS|TAMS 0x00000000cf200000, 0x00000000cf200000| Complete 
| 155|0x00000000cf300000, 0x00000000cf400000, 0x00000000cf400000|100%| E|CS|TAMS 0x00000000cf300000, 0x00000000cf300000| Complete 
| 156|0x00000000cf400000, 0x00000000cf500000, 0x00000000cf500000|100%| E|CS|TAMS 0x00000000cf400000, 0x00000000cf400000| Complete 
| 157|0x00000000cf500000, 0x00000000cf600000, 0x00000000cf600000|100%| E|CS|TAMS 0x00000000cf500000, 0x00000000cf500000| Complete 
| 158|0x00000000cf600000, 0x00000000cf700000, 0x00000000cf700000|100%| E|CS|TAMS 0x00000000cf600000, 0x00000000cf600000| Complete 
| 159|0x00000000cf700000, 0x00000000cf800000, 0x00000000cf800000|100%| E|CS|TAMS 0x00000000cf700000, 0x00000000cf700000| Complete 
| 160|0x00000000cf800000, 0x00000000cf900000, 0x00000000cf900000|100%| E|CS|TAMS 0x00000000cf800000, 0x00000000cf800000| Complete 
| 161|0x00000000cf900000, 0x00000000cfa00000, 0x00000000cfa00000|100%| E|CS|TAMS 0x00000000cf900000, 0x00000000cf900000| Complete 
| 162|0x00000000cfa00000, 0x00000000cfb00000, 0x00000000cfb00000|100%| E|CS|TAMS 0x00000000cfa00000, 0x00000000cfa00000| Complete 
| 163|0x00000000cfb00000, 0x00000000cfc00000, 0x00000000cfc00000|100%| E|CS|TAMS 0x00000000cfb00000, 0x00000000cfb00000| Complete 
| 164|0x00000000cfc00000, 0x00000000cfd00000, 0x00000000cfd00000|100%| E|CS|TAMS 0x00000000cfc00000, 0x00000000cfc00000| Complete 
| 165|0x00000000cfd00000, 0x00000000cfe00000, 0x00000000cfe00000|100%| E|CS|TAMS 0x00000000cfd00000, 0x00000000cfd00000| Complete 
| 166|0x00000000cfe00000, 0x00000000cff00000, 0x00000000cff00000|100%| E|CS|TAMS 0x00000000cfe00000, 0x00000000cfe00000| Complete 
| 167|0x00000000cff00000, 0x00000000d0000000, 0x00000000d0000000|100%| E|CS|TAMS 0x00000000cff00000, 0x00000000cff00000| Complete 
| 168|0x00000000d0000000, 0x00000000d0100000, 0x00000000d0100000|100%| E|CS|TAMS 0x00000000d0000000, 0x00000000d0000000| Complete 
| 169|0x00000000d0100000, 0x00000000d0200000, 0x00000000d0200000|100%| E|CS|TAMS 0x00000000d0100000, 0x00000000d0100000| Complete 
| 170|0x00000000d0200000, 0x00000000d0300000, 0x00000000d0300000|100%| E|CS|TAMS 0x00000000d0200000, 0x00000000d0200000| Complete 
| 171|0x00000000d0300000, 0x00000000d0400000, 0x00000000d0400000|100%| E|CS|TAMS 0x00000000d0300000, 0x00000000d0300000| Complete 
| 172|0x00000000d0400000, 0x00000000d0500000, 0x00000000d0500000|100%| E|CS|TAMS 0x00000000d0400000, 0x00000000d0400000| Complete 

Card table byte_map: [0x000001e74a680000,0x000001e74a860000] _byte_map_base: 0x000001e74a054000

Marking Bits (Prev, Next): (CMBitMap*) 0x000001e74a8f2010, (CMBitMap*) 0x000001e74a8f2050
 Prev Bits: [0x000001e7615d0000, 0x000001e762470000)
 Next Bits: [0x000001e762470000, 0x000001e763310000)

Polling page: 0x000001e74a070000

Metaspace:

Usage:
  Non-class:     10.07 MB used.
      Class:      1.20 MB used.
       Both:     11.27 MB used.

Virtual space:
  Non-class space:       64.00 MB reserved,      10.19 MB ( 16%) committed,  1 nodes.
      Class space:        1.00 GB reserved,       1.25 MB ( <1%) committed,  1 nodes.
             Both:        1.06 GB reserved,      11.44 MB (  1%) committed. 

Chunk freelists:
   Non-Class:  4.97 MB
       Class:  14.63 MB
        Both:  19.60 MB

MaxMetaspaceSize: unlimited
CompressedClassSpaceSize: 1.00 GB
Initial GC threshold: 21.00 MB
Current GC threshold: 21.00 MB
CDS: on
MetaspaceReclaimPolicy: balanced
 - commit_granule_bytes: 65536.
 - commit_granule_words: 8192.
 - virtual_space_node_default_size: 8388608.
 - enlarge_chunks_in_place: 1.
 - new_chunks_are_fully_committed: 0.
 - uncommit_free_chunks: 1.
 - use_allocation_guard: 0.
 - handle_deallocations: 1.


Internal statistics:

num_allocs_failed_limit: 0.
num_arena_births: 68.
num_arena_deaths: 0.
num_vsnodes_births: 2.
num_vsnodes_deaths: 0.
num_space_committed: 183.
num_space_uncommitted: 0.
num_chunks_returned_to_freelist: 0.
num_chunks_taken_from_freelist: 261.
num_chunk_merges: 0.
num_chunk_splits: 170.
num_chunks_enlarged: 121.
num_inconsistent_stats: 0.

CodeHeap 'non-profiled nmethods': size=120064Kb used=704Kb max_used=704Kb free=119360Kb
 bounds [0x000001e759eb0000, 0x000001e75a120000, 0x000001e7613f0000]
CodeHeap 'profiled nmethods': size=120000Kb used=3501Kb max_used=3501Kb free=116498Kb
 bounds [0x000001e7523f0000, 0x000001e752760000, 0x000001e759920000]
CodeHeap 'non-nmethods': size=5696Kb used=1231Kb max_used=1268Kb free=4464Kb
 bounds [0x000001e759920000, 0x000001e759b90000, 0x000001e759eb0000]
 total_blobs=2438 nmethods=1904 adapters=447
 compilation: enabled
              stopped_count=0, restarted_count=0
 full_count=0

Compilation events (20 events):
Event: 6.946 Thread 0x000001e765708860 1900       1       com.mysql.cj.result.Field::getEncoding (5 bytes)
Event: 6.946 Thread 0x000001e765708860 nmethod 1900 0x000001e759f53990 code [0x000001e759f53b20, 0x000001e759f53bf8]
Event: 6.951 Thread 0x000001e765708860 1901       1       java.nio.ByteBuffer::base (5 bytes)
Event: 6.951 Thread 0x000001e765708860 nmethod 1901 0x000001e759f53c90 code [0x000001e759f53e20, 0x000001e759f53ef8]
Event: 6.952 Thread 0x000001e765708860 1902       3       java.lang.Character::toUpperCase (6 bytes)
Event: 6.952 Thread 0x000001e765708860 nmethod 1902 0x000001e75275a590 code [0x000001e75275a740, 0x000001e75275a998]
Event: 6.952 Thread 0x000001e765708860 1903       1       com.mysql.cj.protocol.a.PacketSplitter::getPacketLen (5 bytes)
Event: 6.952 Thread 0x000001e765708860 nmethod 1903 0x000001e759f53f90 code [0x000001e759f54120, 0x000001e759f541f8]
Event: 6.952 Thread 0x000001e765708860 1904       3       java.nio.ByteBuffer::clear (7 bytes)
Event: 6.952 Thread 0x000001e765708860 nmethod 1904 0x000001e75275aa90 code [0x000001e75275ac20, 0x000001e75275ad98]
Event: 7.217 Thread 0x000001e7656a1490 nmethod 1847 0x000001e759f54290 code [0x000001e759f549a0, 0x000001e759f5a480]
Event: 7.218 Thread 0x000001e7656a1490 1852       4       sun.security.ec.ECOperations::lookup4 (88 bytes)
Event: 7.251 Thread 0x000001e7656a1490 nmethod 1852 0x000001e759f5e810 code [0x000001e759f5e9c0, 0x000001e759f5f2f8]
Event: 7.251 Thread 0x000001e7656a1490 1873       4       java.util.Collections$UnmodifiableCollection$1::next (10 bytes)
Event: 7.252 Thread 0x000001e7656a1490 nmethod 1873 0x000001e759f5fa10 code [0x000001e759f5fb80, 0x000001e759f5fc18]
Event: 7.252 Thread 0x000001e7656a1490 1882       4       sun.security.util.math.intpoly.IntegerPolynomial::carryValue (17 bytes)
Event: 7.253 Thread 0x000001e7656a1490 nmethod 1882 0x000001e759f5fd10 code [0x000001e759f5fe80, 0x000001e759f5ff18]
Event: 18.582 Thread 0x000001e765708860 1905       3       java.lang.ref.ReferenceQueue::reallyPoll (65 bytes)
Event: 18.587 Thread 0x000001e765708860 nmethod 1905 0x000001e75275ae90 code [0x000001e75275b060, 0x000001e75275b578]
Event: 115.198 Thread 0x000001e7656a1490 1906       4       java.lang.invoke.VarHandleGuards::guard_LI_J (78 bytes)

GC Heap History (20 events):
Event: 114.468 GC heap before
{Heap before GC invocations=1511 (full 0):
 garbage-first heap   total 177152K, used 109698K [0x00000000c5800000, 0x0000000100000000)
  region size 1024K, 103 young (105472K), 1 survivors (1024K)
 Metaspace       used 11542K, committed 11712K, reserved 1114112K
  class space    used 1226K, committed 1280K, reserved 1048576K
}
Event: 114.469 GC heap after
{Heap after GC invocations=1512 (full 0):
 garbage-first heap   total 177152K, used 5250K [0x00000000c5800000, 0x0000000100000000)
  region size 1024K, 1 young (1024K), 1 survivors (1024K)
 Metaspace       used 11542K, committed 11712K, reserved 1114112K
  class space    used 1226K, committed 1280K, reserved 1048576K
}
Event: 114.528 GC heap before
{Heap before GC invocations=1512 (full 0):
 garbage-first heap   total 177152K, used 109698K [0x00000000c5800000, 0x0000000100000000)
  region size 1024K, 103 young (105472K), 1 survivors (1024K)
 Metaspace       used 11542K, committed 11712K, reserved 1114112K
  class space    used 1226K, committed 1280K, reserved 1048576K
}
Event: 114.529 GC heap after
{Heap after GC invocations=1513 (full 0):
 garbage-first heap   total 177152K, used 5250K [0x00000000c5800000, 0x0000000100000000)
  region size 1024K, 1 young (1024K), 1 survivors (1024K)
 Metaspace       used 11542K, committed 11712K, reserved 1114112K
  class space    used 1226K, committed 1280K, reserved 1048576K
}
Event: 114.588 GC heap before
{Heap before GC invocations=1513 (full 0):
 garbage-first heap   total 177152K, used 109698K [0x00000000c5800000, 0x0000000100000000)
  region size 1024K, 103 young (105472K), 1 survivors (1024K)
 Metaspace       used 11542K, committed 11712K, reserved 1114112K
  class space    used 1226K, committed 1280K, reserved 1048576K
}
Event: 114.591 GC heap after
{Heap after GC invocations=1514 (full 0):
 garbage-first heap   total 177152K, used 5250K [0x00000000c5800000, 0x0000000100000000)
  region size 1024K, 1 young (1024K), 1 survivors (1024K)
 Metaspace       used 11542K, committed 11712K, reserved 1114112K
  class space    used 1226K, committed 1280K, reserved 1048576K
}
Event: 114.651 GC heap before
{Heap before GC invocations=1514 (full 0):
 garbage-first heap   total 177152K, used 109698K [0x00000000c5800000, 0x0000000100000000)
  region size 1024K, 103 young (105472K), 1 survivors (1024K)
 Metaspace       used 11542K, committed 11712K, reserved 1114112K
  class space    used 1226K, committed 1280K, reserved 1048576K
}
Event: 114.652 GC heap after
{Heap after GC invocations=1515 (full 0):
 garbage-first heap   total 177152K, used 5252K [0x00000000c5800000, 0x0000000100000000)
  region size 1024K, 1 young (1024K), 1 survivors (1024K)
 Metaspace       used 11542K, committed 11712K, reserved 1114112K
  class space    used 1226K, committed 1280K, reserved 1048576K
}
Event: 114.717 GC heap before
{Heap before GC invocations=1515 (full 0):
 garbage-first heap   total 177152K, used 109700K [0x00000000c5800000, 0x0000000100000000)
  region size 1024K, 103 young (105472K), 1 survivors (1024K)
 Metaspace       used 11542K, committed 11712K, reserved 1114112K
  class space    used 1226K, committed 1280K, reserved 1048576K
}
Event: 114.718 GC heap after
{Heap after GC invocations=1516 (full 0):
 garbage-first heap   total 177152K, used 5252K [0x00000000c5800000, 0x0000000100000000)
  region size 1024K, 1 young (1024K), 1 survivors (1024K)
 Metaspace       used 11542K, committed 11712K, reserved 1114112K
  class space    used 1226K, committed 1280K, reserved 1048576K
}
Event: 114.781 GC heap before
{Heap before GC invocations=1516 (full 0):
 garbage-first heap   total 177152K, used 109700K [0x00000000c5800000, 0x0000000100000000)
  region size 1024K, 103 young (105472K), 1 survivors (1024K)
 Metaspace       used 11542K, committed 11712K, reserved 1114112K
  class space    used 1226K, committed 1280K, reserved 1048576K
}
Event: 114.782 GC heap after
{Heap after GC invocations=1517 (full 0):
 garbage-first heap   total 177152K, used 5250K [0x00000000c5800000, 0x0000000100000000)
  region size 1024K, 1 young (1024K), 1 survivors (1024K)
 Metaspace       used 11542K, committed 11712K, reserved 1114112K
  class space    used 1226K, committed 1280K, reserved 1048576K
}
Event: 114.841 GC heap before
{Heap before GC invocations=1517 (full 0):
 garbage-first heap   total 177152K, used 109698K [0x00000000c5800000, 0x0000000100000000)
  region size 1024K, 103 young (105472K), 1 survivors (1024K)
 Metaspace       used 11542K, committed 11712K, reserved 1114112K
  class space    used 1226K, committed 1280K, reserved 1048576K
}
Event: 114.842 GC heap after
{Heap after GC invocations=1518 (full 0):
 garbage-first heap   total 177152K, used 5250K [0x00000000c5800000, 0x0000000100000000)
  region size 1024K, 1 young (1024K), 1 survivors (1024K)
 Metaspace       used 11542K, committed 11712K, reserved 1114112K
  class space    used 1226K, committed 1280K, reserved 1048576K
}
Event: 114.905 GC heap before
{Heap before GC invocations=1518 (full 0):
 garbage-first heap   total 177152K, used 109698K [0x00000000c5800000, 0x0000000100000000)
  region size 1024K, 103 young (105472K), 1 survivors (1024K)
 Metaspace       used 11542K, committed 11712K, reserved 1114112K
  class space    used 1226K, committed 1280K, reserved 1048576K
}
Event: 114.906 GC heap after
{Heap after GC invocations=1519 (full 0):
 garbage-first heap   total 177152K, used 5250K [0x00000000c5800000, 0x0000000100000000)
  region size 1024K, 1 young (1024K), 1 survivors (1024K)
 Metaspace       used 11542K, committed 11712K, reserved 1114112K
  class space    used 1226K, committed 1280K, reserved 1048576K
}
Event: 114.964 GC heap before
{Heap before GC invocations=1519 (full 0):
 garbage-first heap   total 177152K, used 109698K [0x00000000c5800000, 0x0000000100000000)
  region size 1024K, 103 young (105472K), 1 survivors (1024K)
 Metaspace       used 11542K, committed 11712K, reserved 1114112K
  class space    used 1226K, committed 1280K, reserved 1048576K
}
Event: 114.965 GC heap after
{Heap after GC invocations=1520 (full 0):
 garbage-first heap   total 177152K, used 5250K [0x00000000c5800000, 0x0000000100000000)
  region size 1024K, 1 young (1024K), 1 survivors (1024K)
 Metaspace       used 11542K, committed 11712K, reserved 1114112K
  class space    used 1226K, committed 1280K, reserved 1048576K
}
Event: 115.091 GC heap before
{Heap before GC invocations=1520 (full 0):
 garbage-first heap   total 177152K, used 109698K [0x00000000c5800000, 0x0000000100000000)
  region size 1024K, 103 young (105472K), 1 survivors (1024K)
 Metaspace       used 11542K, committed 11712K, reserved 1114112K
  class space    used 1226K, committed 1280K, reserved 1048576K
}
Event: 115.106 GC heap after
{Heap after GC invocations=1521 (full 0):
 garbage-first heap   total 177152K, used 5252K [0x00000000c5800000, 0x0000000100000000)
  region size 1024K, 1 young (1024K), 1 survivors (1024K)
 Metaspace       used 11542K, committed 11712K, reserved 1114112K
  class space    used 1226K, committed 1280K, reserved 1048576K
}

Dll operation events (12 events):
Event: 0.058 Loaded shared library C:\Users\joaoo\.jdks\corretto-17.0.13\bin\java.dll
Event: 0.152 Loaded shared library C:\Users\joaoo\.jdks\corretto-17.0.13\bin\jsvml.dll
Event: 0.497 Loaded shared library C:\Users\joaoo\.jdks\corretto-17.0.13\bin\zip.dll
Event: 0.502 Loaded shared library C:\Users\joaoo\.jdks\corretto-17.0.13\bin\instrument.dll
Event: 0.519 Loaded shared library C:\Users\joaoo\.jdks\corretto-17.0.13\bin\net.dll
Event: 0.528 Loaded shared library C:\Users\joaoo\.jdks\corretto-17.0.13\bin\nio.dll
Event: 0.543 Loaded shared library C:\Users\joaoo\.jdks\corretto-17.0.13\bin\zip.dll
Event: 0.571 Loaded shared library C:\Program Files\JetBrains\IntelliJ IDEA Community Edition 2024.3.1\bin\breakgen64.dll
Event: 0.596 Loaded shared library C:\Users\joaoo\.jdks\corretto-17.0.13\bin\jimage.dll
Event: 0.609 Loaded shared library C:\Users\joaoo\.jdks\corretto-17.0.13\bin\extnet.dll
Event: 3.139 Loaded shared library C:\Users\joaoo\.jdks\corretto-17.0.13\bin\verify.dll
Event: 5.031 Loaded shared library C:\Users\joaoo\.jdks\corretto-17.0.13\bin\sunmscapi.dll

Deoptimization events (20 events):
Event: 5.666 Thread 0x000001e76a4404b0 DEOPT PACKING pc=0x000001e7525fa128 sp=0x0000001da82fdb30
Event: 5.666 Thread 0x000001e76a4404b0 DEOPT UNPACKING pc=0x000001e759977124 sp=0x0000001da82fcf60 mode 0
Event: 5.710 Thread 0x000001e76a4404b0 DEOPT PACKING pc=0x000001e7525fa128 sp=0x0000001da82fdc80
Event: 5.710 Thread 0x000001e76a4404b0 DEOPT UNPACKING pc=0x000001e759977124 sp=0x0000001da82fd0b0 mode 0
Event: 5.714 Thread 0x000001e76a4404b0 DEOPT PACKING pc=0x000001e7525fa15b sp=0x0000001da82fd840
Event: 5.714 Thread 0x000001e76a4404b0 DEOPT UNPACKING pc=0x000001e759977124 sp=0x0000001da82fcc70 mode 0
Event: 5.718 Thread 0x000001e76a4404b0 DEOPT PACKING pc=0x000001e7525fa128 sp=0x0000001da82fdc60
Event: 5.718 Thread 0x000001e76a4404b0 DEOPT UNPACKING pc=0x000001e759977124 sp=0x0000001da82fd090 mode 0
Event: 5.806 Thread 0x000001e76a4404b0 DEOPT PACKING pc=0x000001e7524ac982 sp=0x0000001da82fe730
Event: 5.806 Thread 0x000001e76a4404b0 DEOPT UNPACKING pc=0x000001e759977124 sp=0x0000001da82fdb58 mode 0
Event: 6.313 Thread 0x000001e74a8b6900 DEOPT PACKING pc=0x000001e7526f57b3 sp=0x0000001da69fef90
Event: 6.314 Thread 0x000001e74a8b6900 DEOPT UNPACKING pc=0x000001e759977124 sp=0x0000001da69fe4b0 mode 0
Event: 6.472 Thread 0x000001e76a4404b0 DEOPT PACKING pc=0x000001e752609597 sp=0x0000001da82fde10
Event: 6.472 Thread 0x000001e76a4404b0 DEOPT UNPACKING pc=0x000001e759977124 sp=0x0000001da82fd298 mode 0
Event: 6.476 Thread 0x000001e76a4404b0 DEOPT PACKING pc=0x000001e7526094bf sp=0x0000001da82fd8b0
Event: 6.476 Thread 0x000001e76a4404b0 DEOPT UNPACKING pc=0x000001e759977124 sp=0x0000001da82fcd38 mode 0
Event: 6.488 Thread 0x000001e76a4404b0 DEOPT PACKING pc=0x000001e7526a62ca sp=0x0000001da82fe680
Event: 6.488 Thread 0x000001e76a4404b0 DEOPT UNPACKING pc=0x000001e759977124 sp=0x0000001da82fdb08 mode 0
Event: 6.563 Thread 0x000001e76a4404b0 DEOPT PACKING pc=0x000001e752617d39 sp=0x0000001da82fe4d0
Event: 6.563 Thread 0x000001e76a4404b0 DEOPT UNPACKING pc=0x000001e759977124 sp=0x0000001da82fd968 mode 0

Classes loaded (20 events):
Event: 5.613 Loading class java/util/LinkedHashMap$LinkedValueIterator
Event: 5.613 Loading class java/util/LinkedHashMap$LinkedValueIterator done
Event: 5.615 Loading class java/lang/WeakPairMap$Pair$Weak
Event: 5.615 Loading class java/lang/WeakPairMap$WeakRefPeer
Event: 5.615 Loading class java/lang/WeakPairMap$WeakRefPeer done
Event: 5.615 Loading class java/lang/WeakPairMap$Pair$Weak done
Event: 5.615 Loading class java/lang/WeakPairMap$Pair$Weak$1
Event: 5.615 Loading class java/lang/WeakPairMap$Pair$Weak$1 done
Event: 5.617 Loading class java/lang/reflect/ProxyGenerator
Event: 5.618 Loading class java/lang/reflect/ProxyGenerator done
Event: 5.618 Loading class java/lang/reflect/ProxyGenerator$ProxyMethod
Event: 5.618 Loading class java/lang/reflect/ProxyGenerator$ProxyMethod done
Event: 5.622 Loading class java/lang/reflect/ProxyGenerator$PrimitiveTypeInfo
Event: 5.625 Loading class java/lang/reflect/ProxyGenerator$PrimitiveTypeInfo done
Event: 5.625 Loading class jdk/internal/org/objectweb/asm/Edge
Event: 5.625 Loading class jdk/internal/org/objectweb/asm/Edge done
Event: 5.722 Loading class java/lang/reflect/UndeclaredThrowableException
Event: 5.723 Loading class java/lang/reflect/UndeclaredThrowableException done
Event: 5.724 Loading class java/lang/reflect/Proxy$ProxyBuilder$1
Event: 5.725 Loading class java/lang/reflect/Proxy$ProxyBuilder$1 done

Classes unloaded (0 events):
No events

Classes redefined (0 events):
No events

Internal exceptions (15 events):
Event: 0.583 Thread 0x000001e7659dfb30 Exception <a 'java/lang/NoSuchMethodError'{0x00000000c92cb1a8}: 'java.lang.Object java.lang.invoke.DirectMethodHandle$Holder.invokeStaticInit(java.lang.Object)'> (0x00000000c92cb1a8) 
thrown [s\src\hotspot\share\interpreter\linkResolver.cpp, line 759]
Event: 0.612 Thread 0x000001e7659dfb30 Exception <a 'java/lang/NoSuchMethodError'{0x00000000c92d93c8}: 'void java.lang.invoke.DirectMethodHandle$Holder.invokeStatic(java.lang.Object, java.lang.Object)'> (0x00000000c92d93c8) 
thrown [s\src\hotspot\share\interpreter\linkResolver.cpp, line 759]
Event: 3.162 Thread 0x000001e74a8b6900 Exception <a 'java/lang/NoClassDefFoundError'{0x00000000c91b4228}: org/slf4j/impl/StaticLoggerBinder> (0x00000000c91b4228) 
thrown [s\src\hotspot\share\classfile\systemDictionary.cpp, line 245]
Event: 3.555 Thread 0x000001e74a8b6900 Exception <a 'java/lang/NoSuchMethodError'{0x00000000c8f75d70}: 'java.lang.Object java.lang.invoke.DirectMethodHandle$Holder.invokeStaticInit(java.lang.Object, int, int, int, int)'> (0x00000000c8f75d70) 
thrown [s\src\hotspot\share\interpreter\linkResolver.cpp, line 759]
Event: 3.807 Thread 0x000001e74a8b6900 Exception <a 'java/lang/NoSuchMethodError'{0x00000000c8fedba0}: 'java.lang.Object java.lang.invoke.DirectMethodHandle$Holder.invokeStaticInit(java.lang.Object, java.lang.Object, int, int, int, int)'> (0x00000000c8fedba0) 
thrown [s\src\hotspot\share\interpreter\linkResolver.cpp, line 759]
Event: 3.832 Thread 0x000001e74a8b6900 Exception <a 'java/lang/NoSuchMethodError'{0x00000000c8e2ae68}: 'java.lang.Object java.lang.invoke.DirectMethodHandle$Holder.invokeInterface(java.lang.Object, java.lang.Object)'> (0x00000000c8e2ae68) 
thrown [s\src\hotspot\share\interpreter\linkResolver.cpp, line 759]
Event: 3.891 Thread 0x000001e74a8b6900 Exception <a 'java/lang/NoSuchMethodError'{0x00000000c8eaa6b0}: 'void java.lang.invoke.DirectMethodHandle$Holder.invokeSpecial(java.lang.Object, java.lang.Object, java.lang.Object)'> (0x00000000c8eaa6b0) 
thrown [s\src\hotspot\share\interpreter\linkResolver.cpp, line 759]
Event: 3.894 Thread 0x000001e74a8b6900 Exception <a 'java/lang/NoSuchMethodError'{0x00000000c8eb11a0}: 'void java.lang.invoke.DirectMethodHandle$Holder.invokeStatic(java.lang.Object, java.lang.Object, java.lang.Object)'> (0x00000000c8eb11a0) 
thrown [s\src\hotspot\share\interpreter\linkResolver.cpp, line 759]
Event: 3.897 Thread 0x000001e74a8b6900 Exception <a 'java/lang/NoSuchMethodError'{0x00000000c8ebb530}: 'java.lang.Object java.lang.invoke.DirectMethodHandle$Holder.invokeVirtual(java.lang.Object, java.lang.Object, java.lang.Object)'> (0x00000000c8ebb530) 
thrown [s\src\hotspot\share\interpreter\linkResolver.cpp, line 759]
Event: 4.708 Thread 0x000001e74a8b6900 Exception <a 'java/lang/NoSuchMethodError'{0x00000000c92cc168}: 'void java.lang.invoke.DirectMethodHandle$Holder.invokeStaticInit(java.lang.Object, java.lang.Object)'> (0x00000000c92cc168) 
thrown [s\src\hotspot\share\interpreter\linkResolver.cpp, line 759]
Event: 4.865 Thread 0x000001e74a8b6900 Exception <a 'sun/nio/fs/WindowsException'{0x00000000c91cd5e8}> (0x00000000c91cd5e8) 
thrown [s\src\hotspot\share\prims\jni.cpp, line 516]
Event: 4.896 Thread 0x000001e74a8b6900 Exception <a 'java/lang/NoSuchMethodError'{0x00000000c91f1e38}: 'int java.lang.invoke.DirectMethodHandle$Holder.invokeStaticInit(java.lang.Object, java.lang.Object, java.lang.Object, java.lang.Object)'> (0x00000000c91f1e38) 
thrown [s\src\hotspot\share\interpreter\linkResolver.cpp, line 759]
Event: 4.897 Thread 0x000001e74a8b6900 Exception <a 'java/lang/IncompatibleClassChangeError'{0x00000000c91fb038}: Found class java.lang.Object, but interface was expected> (0x00000000c91fb038) 
thrown [s\src\hotspot\share\interpreter\linkResolver.cpp, line 826]
Event: 4.898 Thread 0x000001e74a8b6900 Exception <a 'java/lang/NoSuchMethodError'{0x00000000c90009b0}: 'int java.lang.invoke.DirectMethodHandle$Holder.invokeStaticInit(java.lang.Object, java.lang.Object)'> (0x00000000c90009b0) 
thrown [s\src\hotspot\share\interpreter\linkResolver.cpp, line 759]
Event: 5.608 Thread 0x000001e74a8b6900 Exception <a 'java/lang/NoSuchMethodError'{0x00000000c8b9f338}: 'java.lang.Object java.lang.invoke.DirectMethodHandle$Holder.invokeStaticInit(java.lang.Object, java.lang.Object, java.lang.Object, java.lang.Object)'> (0x00000000c8b9f338) 
thrown [s\src\hotspot\share\interpreter\linkResolver.cpp, line 759]

VM Operations (20 events):
Event: 114.467 Executing VM operation: G1CollectForAllocation
Event: 114.469 Executing VM operation: G1CollectForAllocation done
Event: 114.528 Executing VM operation: G1CollectForAllocation
Event: 114.529 Executing VM operation: G1CollectForAllocation done
Event: 114.588 Executing VM operation: G1CollectForAllocation
Event: 114.591 Executing VM operation: G1CollectForAllocation done
Event: 114.651 Executing VM operation: G1CollectForAllocation
Event: 114.652 Executing VM operation: G1CollectForAllocation done
Event: 114.717 Executing VM operation: G1CollectForAllocation
Event: 114.718 Executing VM operation: G1CollectForAllocation done
Event: 114.781 Executing VM operation: G1CollectForAllocation
Event: 114.782 Executing VM operation: G1CollectForAllocation done
Event: 114.841 Executing VM operation: G1CollectForAllocation
Event: 114.842 Executing VM operation: G1CollectForAllocation done
Event: 114.905 Executing VM operation: G1CollectForAllocation
Event: 114.906 Executing VM operation: G1CollectForAllocation done
Event: 114.964 Executing VM operation: G1CollectForAllocation
Event: 114.965 Executing VM operation: G1CollectForAllocation done
Event: 115.079 Executing VM operation: G1CollectForAllocation
Event: 115.106 Executing VM operation: G1CollectForAllocation done

Memory protections (0 events):
No events

Nmethod flushes (0 events):
No events

Events (17 events):
Event: 0.153 Thread 0x000001e74a8b6900 Thread added: 0x000001e74a8b6900
Event: 0.220 Thread 0x000001e74a8b6900 Thread added: 0x000001e74a958fe0
Event: 0.220 Thread 0x000001e74a8b6900 Thread added: 0x000001e74a959e60
Event: 0.285 Thread 0x000001e74a8b6900 Thread added: 0x000001e74a96d800
Event: 0.285 Thread 0x000001e74a8b6900 Thread added: 0x000001e74a96e2c0
Event: 0.285 Thread 0x000001e74a8b6900 Thread added: 0x000001e76569ffc0
Event: 0.285 Thread 0x000001e74a8b6900 Thread added: 0x000001e7656a0890
Event: 0.285 Thread 0x000001e74a8b6900 Thread added: 0x000001e7656a1490
Event: 0.320 Thread 0x000001e74a8b6900 Thread added: 0x000001e765708860
Event: 0.321 Thread 0x000001e74a8b6900 Thread added: 0x000001e76570b530
Event: 0.421 Thread 0x000001e74a8b6900 Thread added: 0x000001e76577e7b0
Event: 0.572 Thread 0x000001e74a8b6900 Thread added: 0x000001e7659dfb30
Event: 0.572 Thread 0x000001e74a8b6900 Thread added: 0x000001e7659e0010
Event: 3.268 Thread 0x000001e74a8b6900 Thread added: 0x000001e765a16e10
Event: 5.462 Thread 0x000001e74a8b6900 Thread added: 0x000001e76a38a5e0
Event: 5.590 Thread 0x000001e76a38a5e0 Thread added: 0x000001e76a4404b0
Event: 12.000 Thread 0x000001e76a4404b0 Thread exited: 0x000001e76a4404b0


Dynamic libraries:
0x00007ff78c840000 - 0x00007ff78c84e000 	C:\Users\joaoo\.jdks\corretto-17.0.13\bin\java.exe
0x00007ffb3f870000 - 0x00007ffb3fa87000 	C:\WINDOWS\SYSTEM32\ntdll.dll
0x00007ffb3e9c0000 - 0x00007ffb3ea84000 	C:\WINDOWS\System32\KERNEL32.DLL
0x00007ffb3cfe0000 - 0x00007ffb3d39a000 	C:\WINDOWS\System32\KERNELBASE.dll
0x00007ffb3cec0000 - 0x00007ffb3cfd1000 	C:\WINDOWS\System32\ucrtbase.dll
0x00007ffb35550000 - 0x00007ffb35567000 	C:\Users\joaoo\.jdks\corretto-17.0.13\bin\jli.dll
0x00007ffb35530000 - 0x00007ffb3554b000 	C:\Users\joaoo\.jdks\corretto-17.0.13\bin\VCRUNTIME140.dll
0x00007ffb3f510000 - 0x00007ffb3f6be000 	C:\WINDOWS\System32\USER32.dll
0x00007ffb3d510000 - 0x00007ffb3d536000 	C:\WINDOWS\System32\win32u.dll
0x00007ffb3d630000 - 0x00007ffb3d659000 	C:\WINDOWS\System32\GDI32.dll
0x00007ffb3cc80000 - 0x00007ffb3cd9b000 	C:\WINDOWS\System32\gdi32full.dll
0x00007ffb3ce20000 - 0x00007ffb3ceba000 	C:\WINDOWS\System32\msvcp_win.dll
0x00007ffb240e0000 - 0x00007ffb24372000 	C:\WINDOWS\WinSxS\amd64_microsoft.windows.common-controls_6595b64144ccf1df_6.0.22621.4541_none_2710d1c57384c085\COMCTL32.dll
0x00007ffb3e500000 - 0x00007ffb3e5a7000 	C:\WINDOWS\System32\msvcrt.dll
0x00007ffb3edb0000 - 0x00007ffb3ede1000 	C:\WINDOWS\System32\IMM32.DLL
0x00007ffb368b0000 - 0x00007ffb368bc000 	C:\Users\joaoo\.jdks\corretto-17.0.13\bin\vcruntime140_1.dll
0x00007ffaf4170000 - 0x00007ffaf41fd000 	C:\Users\joaoo\.jdks\corretto-17.0.13\bin\msvcp140.dll
0x00007ffa962f0000 - 0x00007ffa96f5c000 	C:\Users\joaoo\.jdks\corretto-17.0.13\bin\server\jvm.dll
0x00007ffb3d570000 - 0x00007ffb3d622000 	C:\WINDOWS\System32\ADVAPI32.dll
0x00007ffb3e910000 - 0x00007ffb3e9b7000 	C:\WINDOWS\System32\sechost.dll
0x00007ffb3d540000 - 0x00007ffb3d568000 	C:\WINDOWS\System32\bcrypt.dll
0x00007ffb3f3f0000 - 0x00007ffb3f504000 	C:\WINDOWS\System32\RPCRT4.dll
0x00007ffb3dee0000 - 0x00007ffb3df51000 	C:\WINDOWS\System32\WS2_32.dll
0x00007ffb3c860000 - 0x00007ffb3c8ad000 	C:\WINDOWS\SYSTEM32\POWRPROF.dll
0x00007ffb35630000 - 0x00007ffb35664000 	C:\WINDOWS\SYSTEM32\WINMM.dll
0x00007ffb2bf40000 - 0x00007ffb2bf4a000 	C:\WINDOWS\SYSTEM32\VERSION.dll
0x00007ffb3c840000 - 0x00007ffb3c853000 	C:\WINDOWS\SYSTEM32\UMPDC.dll
0x00007ffb3bb40000 - 0x00007ffb3bb58000 	C:\WINDOWS\SYSTEM32\kernel.appcore.dll
0x00007ffb36810000 - 0x00007ffb3681a000 	C:\Users\joaoo\.jdks\corretto-17.0.13\bin\jimage.dll
0x00007ffb3a5c0000 - 0x00007ffb3a7f2000 	C:\WINDOWS\SYSTEM32\DBGHELP.DLL
0x00007ffb3df60000 - 0x00007ffb3e2ef000 	C:\WINDOWS\System32\combase.dll
0x00007ffb3f750000 - 0x00007ffb3f827000 	C:\WINDOWS\System32\OLEAUT32.dll
0x00007ffb23810000 - 0x00007ffb23842000 	C:\WINDOWS\SYSTEM32\dbgcore.DLL
0x00007ffb3cda0000 - 0x00007ffb3ce1b000 	C:\WINDOWS\System32\bcryptPrimitives.dll
0x00007ffb34090000 - 0x00007ffb3409e000 	C:\Users\joaoo\.jdks\corretto-17.0.13\bin\instrument.dll
0x00007ffafc7d0000 - 0x00007ffafc7f5000 	C:\Users\joaoo\.jdks\corretto-17.0.13\bin\java.dll
0x00007ffaec340000 - 0x00007ffaec417000 	C:\Users\joaoo\.jdks\corretto-17.0.13\bin\jsvml.dll
0x00007ffb3d660000 - 0x00007ffb3ded8000 	C:\WINDOWS\System32\SHELL32.dll
0x00007ffb3aa30000 - 0x00007ffb3b338000 	C:\WINDOWS\SYSTEM32\windows.storage.dll
0x00007ffb3a8f0000 - 0x00007ffb3aa2f000 	C:\WINDOWS\SYSTEM32\wintypes.dll
0x00007ffb3e5b0000 - 0x00007ffb3e6aa000 	C:\WINDOWS\System32\SHCORE.dll
0x00007ffb3f6e0000 - 0x00007ffb3f73e000 	C:\WINDOWS\System32\shlwapi.dll
0x00007ffb3ca70000 - 0x00007ffb3ca9b000 	C:\WINDOWS\SYSTEM32\profapi.dll
0x00007ffb34070000 - 0x00007ffb34088000 	C:\Users\joaoo\.jdks\corretto-17.0.13\bin\zip.dll
0x00007ffb03a80000 - 0x00007ffb03a99000 	C:\Users\joaoo\.jdks\corretto-17.0.13\bin\net.dll
0x00007ffb33850000 - 0x00007ffb33986000 	C:\WINDOWS\SYSTEM32\WINHTTP.dll
0x00007ffb3bfc0000 - 0x00007ffb3c029000 	C:\WINDOWS\system32\mswsock.dll
0x00007ffafc7b0000 - 0x00007ffafc7c6000 	C:\Users\joaoo\.jdks\corretto-17.0.13\bin\nio.dll
0x00007ffaf4ba0000 - 0x00007ffaf4bba000 	C:\Program Files\JetBrains\IntelliJ IDEA Community Edition 2024.3.1\bin\breakgen64.dll
0x00007ffb290c0000 - 0x00007ffb290c9000 	C:\Users\joaoo\.jdks\corretto-17.0.13\bin\extnet.dll
0x00007ffafec60000 - 0x00007ffafec70000 	C:\Users\joaoo\.jdks\corretto-17.0.13\bin\verify.dll
0x00007ffb3c1e0000 - 0x00007ffb3c1fb000 	C:\WINDOWS\SYSTEM32\CRYPTSP.dll
0x00007ffb3baa0000 - 0x00007ffb3bad5000 	C:\WINDOWS\system32\rsaenh.dll
0x00007ffb3c080000 - 0x00007ffb3c0a8000 	C:\WINDOWS\SYSTEM32\USERENV.dll
0x00007ffb3c200000 - 0x00007ffb3c20c000 	C:\WINDOWS\SYSTEM32\CRYPTBASE.dll
0x00007ffb3b630000 - 0x00007ffb3b65d000 	C:\WINDOWS\SYSTEM32\IPHLPAPI.DLL
0x00007ffb3e890000 - 0x00007ffb3e899000 	C:\WINDOWS\System32\NSI.dll
0x00007ffb33200000 - 0x00007ffb33219000 	C:\WINDOWS\SYSTEM32\dhcpcsvc6.DLL
0x00007ffb331e0000 - 0x00007ffb331ff000 	C:\WINDOWS\SYSTEM32\dhcpcsvc.DLL
0x00007ffb3b660000 - 0x00007ffb3b762000 	C:\WINDOWS\SYSTEM32\DNSAPI.dll
0x00007ffb2b610000 - 0x00007ffb2b61a000 	C:\Windows\System32\rasadhlp.dll
0x00007ffb32c90000 - 0x00007ffb32d13000 	C:\WINDOWS\System32\fwpuclnt.dll
0x00007ffb25660000 - 0x00007ffb2566e000 	C:\Users\joaoo\.jdks\corretto-17.0.13\bin\sunmscapi.dll
0x00007ffb3d3a0000 - 0x00007ffb3d506000 	C:\WINDOWS\System32\CRYPT32.dll
0x00007ffb3c410000 - 0x00007ffb3c43d000 	C:\WINDOWS\SYSTEM32\ncrypt.dll
0x00007ffb3c3d0000 - 0x00007ffb3c407000 	C:\WINDOWS\SYSTEM32\NTASN1.dll

dbghelp: loaded successfully - version: 4.0.5 - missing functions: none
symbol engine: initialized successfully - sym options: 0x614 - pdb path: .;C:\Users\joaoo\.jdks\corretto-17.0.13\bin;C:\WINDOWS\SYSTEM32;C:\WINDOWS\WinSxS\amd64_microsoft.windows.common-controls_6595b64144ccf1df_6.0.22621.4541_none_2710d1c57384c085;C:\Users\joaoo\.jdks\corretto-17.0.13\bin\server;C:\Program Files\JetBrains\IntelliJ IDEA Community Edition 2024.3.1\bin

VM Arguments:
jvm_args: -javaagent:C:\Program Files\JetBrains\IntelliJ IDEA Community Edition 2024.3.1\lib\idea_rt.jar=52770:C:\Program Files\JetBrains\IntelliJ IDEA Community Edition 2024.3.1\bin -Dfile.encoding=UTF-8 
java_command: org.example.Main
java_class_path (initial): C:\provaLpII\provaLPII\target\classes;C:\Users\joaoo\.m2\repository\com\mysql\mysql-connector-j\8.0.31\mysql-connector-j-8.0.31.jar;C:\Users\joaoo\.m2\repository\com\google\protobuf\protobuf-java\3.19.4\protobuf-java-3.19.4.jar;C:\Users\joaoo\.m2\repository\com\zaxxer\HikariCP\6.2.1\HikariCP-6.2.1.jar;C:\Users\joaoo\.m2\repository\org\slf4j\slf4j-api\1.7.36\slf4j-api-1.7.36.jar
Launcher Type: SUN_STANDARD

[Global flags]
     intx CICompilerCount                          = 2                                         {product} {ergonomic}
     uint ConcGCThreads                            = 1                                         {product} {ergonomic}
     uint G1ConcRefinementThreads                  = 2                                         {product} {ergonomic}
   size_t G1HeapRegionSize                         = 1048576                                   {product} {ergonomic}
    uintx GCDrainStackTargetSize                   = 64                                        {product} {ergonomic}
   size_t InitialHeapSize                          = 62914560                                  {product} {ergonomic}
   size_t MarkStackSize                            = 4194304                                   {product} {ergonomic}
   size_t MaxHeapSize                              = 981467136                                 {product} {ergonomic}
   size_t MaxNewSize                               = 588251136                                 {product} {ergonomic}
   size_t MinHeapDeltaBytes                        = 1048576                                   {product} {ergonomic}
   size_t MinHeapSize                              = 8388608                                   {product} {ergonomic}
    uintx NonNMethodCodeHeapSize                   = 5826188                                {pd product} {ergonomic}
    uintx NonProfiledCodeHeapSize                  = 122916026                              {pd product} {ergonomic}
    uintx ProfiledCodeHeapSize                     = 122916026                              {pd product} {ergonomic}
    uintx ReservedCodeCacheSize                    = 251658240                              {pd product} {ergonomic}
     bool SegmentedCodeCache                       = true                                      {product} {ergonomic}
   size_t SoftMaxHeapSize                          = 981467136                              {manageable} {ergonomic}
     bool UseCompressedClassPointers               = true                           {product lp64_product} {ergonomic}
     bool UseCompressedOops                        = true                           {product lp64_product} {ergonomic}
     bool UseG1GC                                  = true                                      {product} {ergonomic}
     bool UseLargePagesIndividualAllocation        = false                                  {pd product} {ergonomic}

Logging:
Log output configuration:
 #0: stdout all=warning uptime,level,tags
 #1: stderr all=off uptime,level,tags

Environment Variables:
JAVA_HOME=C:\Users\joaoo\Downloads\jdk-17.0.12_windows-x64_bin.exe
PATH=C:\;C:\WINDOWS;C:\WINDOWS\System32\Wbem;C:\PowerShell-7.4.6-win-x64;C:\WINDOWS\System32\OpenSSH\;C:\Program Files\Docker\Docker\resources\bin;C:\Program Files\Git\cmd;C:\PowerShell-7.4.6-win-x64;C:\Program Files\MySQL\MySQL Server 8.0\bin;C:\mysql-installer-community-8.0.40.0.msi;C:\Program Files\MySQL\MySQL Shell 8.0\bin\;C:\Users\joaoo\AppData\Local\Microsoft\WindowsApps;C:\Users\joaoo\AppData\Local\Programs\Microsoft VS Code\bin;C:\apache-maven-3.9.9\bin;C:\PowerShell-7.4.6-win-x64;C:\mysql-installer-community-8.0.40.0.msi;
USERNAME=joaoo
OS=Windows_NT
PROCESSOR_IDENTIFIER=Intel64 Family 6 Model 122 Stepping 8, GenuineIntel
TMP=C:\Users\joaoo\AppData\Local\Temp
TEMP=C:\Users\joaoo\AppData\Local\Temp



Periodic native trim disabled


---------------  S Y S T E M  ---------------

OS:
 Windows 11 , 64 bit Build 22621 (10.0.22621.4391)
OS uptime: 3 days 20:25 hours
Hyper-V role detected

CPU: total 2 (initial active 2) (2 cores per cpu, 1 threads per core) family 6 model 122 stepping 8 microcode 0x1a, cx8, cmov, fxsr, mmx, 3dnowpref, sse, sse2, sse3, ssse3, sse4.1, sse4.2, popcnt, tsc, tscinvbit, aes, erms, clmul, sha, clflush, clflushopt, hv
Processor Information for all 2 processors :
  Max Mhz: 1101, Current Mhz: 1101, Mhz Limit: 1101

Memory: 4k page, system-wide physical 3737M (225M free)
TotalPageFile size 15001M (AvailPageFile size 0M)
current process WorkingSet (physical memory assigned to process): 116M, peak: 197M
current process commit charge ("private bytes"): 262M, peak: 262M

vm_info: OpenJDK 64-Bit Server VM (17.0.13+11-LTS) for windows-amd64 JRE (17.0.13+11-LTS), built on Oct 10 2024 19:51:30 by "Administrator" with MS VC++ 16.10 / 16.11 (VS2019)

END.
